<?xml version="1.0" encoding="UTF-8"?>
<!-- Generated by org.testng.reporters.JUnitReportReporter -->
<testsuite hostname="DESKTOP-66J2ROA" failures="0" tests="1" name="Utils.ExcelReading" time="0.571" errors="0" timestamp="10 May 2022 16:23:51 GMT" skipped="0">
  <testcase classname="Utils.ExcelReading" name="excelread" time="0.571"/>
</testsuite> <!-- Utils.ExcelReading -->
