<?xml version="1.0" encoding="UTF-8"?>
<!-- Generated by org.testng.reporters.JUnitReportReporter -->
<testsuite hostname="DESKTOP-66J2ROA" failures="0" tests="1" name="Test.LoginTest" time="30.394" errors="0" timestamp="19 Sep 2022 04:40:46 GMT" skipped="0">
  <testcase classname="Test.LoginTest" name="testing" time="30.394"/>
</testsuite> <!-- Test.LoginTest -->
