<?xml version="1.0" encoding="UTF-8"?>
<!-- Generated by org.testng.reporters.JUnitReportReporter -->
<testsuite hostname="DESKTOP-66J2ROA" failures="0" tests="1" name="Test.TestClass" time="16.846" errors="0" timestamp="2022-09-19T17:00:46 IST" skipped="0">
  <testcase classname="Test.TestClass" name="TestClass" time="16.846"/>
  <system-out/>
</testsuite> <!-- Test.TestClass -->
